Flow report for lab8part1
Wed Nov 06 22:13:11 2019
Quartus Prime Version 18.1.0 Build 625 09/12/2018 SJ Lite Edition


---------------------
; Table of Contents ;
---------------------
  1. Legal Notice
  2. Flow Summary
  3. Flow Settings
  4. Flow Non-Default Global Settings
  5. Flow Elapsed Time
  6. Flow OS Summary
  7. Flow Log
  8. Flow Messages
  9. Flow Suppressed Messages



----------------
; Legal Notice ;
----------------
Copyright (C) 2018  Intel Corporation. All rights reserved.
Your use of Intel Corporation's design tools, logic functions 
and other software and tools, and its AMPP partner logic 
functions, and any output files from any of the foregoing 
(including device programming or simulation files), and any 
associated documentation or information are expressly subject 
to the terms and conditions of the Intel Program License 
Subscription Agreement, the Intel Quartus Prime License Agreement,
the Intel FPGA IP License Agreement, or other applicable license
agreement, including, without limitation, that your use is for
the sole purpose of programming logic devices manufactured by
Intel and sold by Intel or its authorized distributors.  Please
refer to the applicable agreement for further details.



+-------------------------------------------------------------------------------------------+
; Flow Summary                                                                              ;
+------------------------------------+------------------------------------------------------+
; Flow Status                        ; EDA Netlist Writer Failed - Wed Nov 06 22:13:11 2019 ;
; Quartus Prime Version              ; 18.1.0 Build 625 09/12/2018 SJ Lite Edition          ;
; Revision Name                      ; lab8part1                                            ;
; Top-level Entity Name              ; lab8part1                                            ;
; Family                             ; MAX 10                                               ;
; Device                             ; 10M50DAF484C7G                                       ;
; Timing Models                      ; Final                                                ;
; Total logic elements               ; 5 / 49,760 ( < 1 % )                                 ;
;     Total combinational functions  ; 5 / 49,760 ( < 1 % )                                 ;
;     Dedicated logic registers      ; 0 / 49,760 ( 0 % )                                   ;
; Total registers                    ; 0                                                    ;
; Total pins                         ; 3 / 360 ( < 1 % )                                    ;
; Total virtual pins                 ; 0                                                    ;
; Total memory bits                  ; 0 / 1,677,312 ( 0 % )                                ;
; Embedded Multiplier 9-bit elements ; 0 / 288 ( 0 % )                                      ;
; Total PLLs                         ; 0 / 4 ( 0 % )                                        ;
; UFM blocks                         ; 0 / 1 ( 0 % )                                        ;
; ADC blocks                         ; 0 / 2 ( 0 % )                                        ;
+------------------------------------+------------------------------------------------------+


+-----------------------------------------+
; Flow Settings                           ;
+-------------------+---------------------+
; Option            ; Setting             ;
+-------------------+---------------------+
; Start date & time ; 11/06/2019 22:06:34 ;
; Main task         ; Compilation         ;
; Revision Name     ; lab8part1           ;
+-------------------+---------------------+


+-----------------------------------------------------------------------------------------------------------------------------+
; Flow Non-Default Global Settings                                                                                            ;
+-------------------------------------+----------------------------------------+---------------+-------------+----------------+
; Assignment Name                     ; Value                                  ; Default Value ; Entity Name ; Section Id     ;
+-------------------------------------+----------------------------------------+---------------+-------------+----------------+
; COMPILER_SIGNATURE_ID               ; 184849027052780.157309599407540        ; --            ; --          ; --             ;
; EDA_GENERATE_FUNCTIONAL_NETLIST     ; On                                     ; --            ; --          ; eda_simulation ;
; EDA_OUTPUT_DATA_FORMAT              ; Vhdl                                   ; --            ; --          ; eda_simulation ;
; EDA_SIMULATION_TOOL                 ; ModelSim-Altera (VHDL)                 ; <None>        ; --          ; --             ;
; EDA_TIME_SCALE                      ; 1 ps                                   ; --            ; --          ; eda_simulation ;
; MAX_CORE_JUNCTION_TEMP              ; 85                                     ; --            ; --          ; --             ;
; MIN_CORE_JUNCTION_TEMP              ; 0                                      ; --            ; --          ; --             ;
; PARTITION_COLOR                     ; -- (Not supported for targeted family) ; --            ; --          ; Top            ;
; PARTITION_COLOR                     ; -- (Not supported for targeted family) ; --            ; part3       ; Top            ;
; PARTITION_FITTER_PRESERVATION_LEVEL ; -- (Not supported for targeted family) ; --            ; --          ; Top            ;
; PARTITION_FITTER_PRESERVATION_LEVEL ; -- (Not supported for targeted family) ; --            ; part3       ; Top            ;
; PARTITION_NETLIST_TYPE              ; -- (Not supported for targeted family) ; --            ; --          ; Top            ;
; PARTITION_NETLIST_TYPE              ; -- (Not supported for targeted family) ; --            ; part3       ; Top            ;
; POWER_BOARD_THERMAL_MODEL           ; None (CONSERVATIVE)                    ; --            ; --          ; --             ;
; POWER_PRESET_COOLING_SOLUTION       ; 23 MM HEAT SINK WITH 200 LFPM AIRFLOW  ; --            ; --          ; --             ;
; PROJECT_OUTPUT_DIRECTORY            ; output_files                           ; --            ; --          ; --             ;
+-------------------------------------+----------------------------------------+---------------+-------------+----------------+


+--------------------------------------------------------------------------------------------------------------------------+
; Flow Elapsed Time                                                                                                        ;
+----------------------+--------------+-------------------------+---------------------+------------------------------------+
; Module Name          ; Elapsed Time ; Average Processors Used ; Peak Virtual Memory ; Total CPU Time (on all processors) ;
+----------------------+--------------+-------------------------+---------------------+------------------------------------+
; Analysis & Synthesis ; 00:00:16     ; 1.0                     ; 4792 MB             ; 00:00:34                           ;
; Fitter               ; 00:00:09     ; 1.0                     ; 5369 MB             ; 00:00:11                           ;
; Assembler            ; 00:00:04     ; 1.0                     ; 4688 MB             ; 00:00:04                           ;
; Timing Analyzer      ; 00:00:03     ; 1.0                     ; 4798 MB             ; 00:00:03                           ;
; EDA Netlist Writer   ; 00:00:01     ; 1.0                     ; 4641 MB             ; 00:00:01                           ;
; EDA Netlist Writer   ; 00:00:01     ; 1.0                     ; 4630 MB             ; 00:00:01                           ;
; EDA Netlist Writer   ; 00:00:01     ; 1.0                     ; 4630 MB             ; 00:00:01                           ;
; Total                ; 00:00:35     ; --                      ; --                  ; 00:00:55                           ;
+----------------------+--------------+-------------------------+---------------------+------------------------------------+


+------------------------------------------------------------------------------------+
; Flow OS Summary                                                                    ;
+----------------------+------------------+------------+------------+----------------+
; Module Name          ; Machine Hostname ; OS Name    ; OS Version ; Processor type ;
+----------------------+------------------+------------+------------+----------------+
; Analysis & Synthesis ; TRINITY-LAPTOP   ; Windows 10 ; 10.0       ; x86_64         ;
; Fitter               ; TRINITY-LAPTOP   ; Windows 10 ; 10.0       ; x86_64         ;
; Assembler            ; TRINITY-LAPTOP   ; Windows 10 ; 10.0       ; x86_64         ;
; Timing Analyzer      ; TRINITY-LAPTOP   ; Windows 10 ; 10.0       ; x86_64         ;
; EDA Netlist Writer   ; TRINITY-LAPTOP   ; Windows 10 ; 10.0       ; x86_64         ;
; EDA Netlist Writer   ; TRINITY-LAPTOP   ; Windows 10 ; 10.0       ; x86_64         ;
; EDA Netlist Writer   ; TRINITY-LAPTOP   ; Windows 10 ; 10.0       ; x86_64         ;
+----------------------+------------------+------------+------------+----------------+


------------
; Flow Log ;
------------
quartus_map --read_settings_files=on --write_settings_files=off lab8part1 -c lab8part1
quartus_fit --read_settings_files=off --write_settings_files=off lab8part1 -c lab8part1
quartus_asm --read_settings_files=off --write_settings_files=off lab8part1 -c lab8part1
quartus_sta lab8part1 -c lab8part1
quartus_eda --read_settings_files=off --write_settings_files=off lab8part1 -c lab8part1
quartus_eda --gen_testbench --tool=modelsim_oem --format=vhdl --write_settings_files=off lab8part1 -c lab8part1 --vector_source="C:/Users/Trinity Key/Documents/F2019/COE0201/lab8part1/Waveform2.vwf" --testbench_file="C:/Users/Trinity Key/Documents/F2019/COE0201/lab8part1/simulation/qsim/Waveform2.vwf.vht"
quartus_eda --gen_testbench --tool=modelsim_oem --format=vhdl --write_settings_files=off lab8part1 -c lab8part1 --vector_source="C:/Users/Trinity Key/Documents/F2019/COE0201/lab8part1/Waveform2.vwf" --testbench_file="C:/Users/Trinity Key/Documents/F2019/COE0201/lab8part1/simulation/qsim/Waveform2.vwf.vht"



